<?xml version="1.0" encoding="UTF-8"?>
<testng-results ignored="0" total="1" passed="1" failed="0" skipped="0">
  <reporter-output>
  </reporter-output>
  <suite started-at="2025-08-18T11:54:29 IST" name="Surefire suite" finished-at="2025-08-18T11:55:18 IST" duration-ms="49493">
    <groups>
    </groups>
    <test started-at="2025-08-18T11:54:29 IST" name="Surefire test" finished-at="2025-08-18T11:55:18 IST" duration-ms="49493">
      <class name="com.OrderArt.Functionality.Implementation.Login_Updated">
        <test-method signature="Login_OrderArt()[pri:0, instance:com.OrderArt.Functionality.Implementation.Login_Updated@6e6f2380]" started-at="2025-08-18T11:54:29 IST" name="Login_OrderArt" finished-at="2025-08-18T11:55:18 IST" duration-ms="49266" status="PASS">
          <reporter-output>
          </reporter-output>
        </test-method> <!-- Login_OrderArt -->
      </class> <!-- com.OrderArt.Functionality.Implementation.Login_Updated -->
    </test> <!-- Surefire test -->
  </suite> <!-- Surefire suite -->
</testng-results>
