<?xml version="1.0" encoding="UTF-8"?>
<testng-results ignored="0" total="1" passed="1" failed="0" skipped="0">
  <reporter-output>
  </reporter-output>
  <suite started-at="2025-08-17T20:06:51 IST" name="Default suite" finished-at="2025-08-17T20:07:55 IST" duration-ms="64477">
    <groups>
    </groups>
    <test started-at="2025-08-17T20:06:51 IST" name="Default test" finished-at="2025-08-17T20:07:55 IST" duration-ms="64477">
      <class name="com.OrderArt.Functionality.Implementation.Login_Updated">
        <test-method signature="Login_OrderArt()[pri:0, instance:com.OrderArt.Functionality.Implementation.Login_Updated@6ed3f258]" started-at="2025-08-17T20:06:51 IST" name="Login_OrderArt" finished-at="2025-08-17T20:07:55 IST" duration-ms="64004" status="PASS">
          <reporter-output>
          </reporter-output>
        </test-method> <!-- Login_OrderArt -->
      </class> <!-- com.OrderArt.Functionality.Implementation.Login_Updated -->
    </test> <!-- Default test -->
  </suite> <!-- Default suite -->
</testng-results>
