<?xml version="1.0" encoding="UTF-8"?>
<!-- Generated by org.testng.reporters.JUnitReportReporter -->
<testsuite hostname="MOHAMMED-ARBAZ-PC" failures="0" tests="1" name="com.OrderArt.Functionality.Implementation.Login_Updated" time="125.048" errors="0" timestamp="2025-08-18T08:34:26 IST" skipped="0">
  <testcase classname="com.OrderArt.Functionality.Implementation.Login_Updated" name="Login_OrderArt" time="125.048"/>
</testsuite> <!-- com.OrderArt.Functionality.Implementation.Login_Updated -->
